DEB [20240413-17:29:32.664] thr=1   paramiko.transport: starting thread (client mode): 0x65b9cb50
DEB [20240413-17:29:32.664] thr=1   paramiko.transport: Local version/idstring: SSH-2.0-paramiko_2.9.3
DEB [20240413-17:29:32.664] thr=1   paramiko.transport: Remote version/idstring: SSH-1.99-Cisco-1.25
INF [20240413-17:29:32.664] thr=1   paramiko.transport: Connected (version 1.99, client Cisco-1.25)
DEB [20240413-17:29:32.665] thr=1   paramiko.transport: === Key exchange possibilities ===
DEB [20240413-17:29:32.665] thr=1   paramiko.transport: kex algos: diffie-hellman-group-exchange-sha1, diffie-hellman-group14-sha1
DEB [20240413-17:29:32.665] thr=1   paramiko.transport: server key: ssh-rsa
DEB [20240413-17:29:32.665] thr=1   paramiko.transport: client encrypt: aes128-ctr, aes192-ctr, aes256-ctr
DEB [20240413-17:29:32.665] thr=1   paramiko.transport: server encrypt: aes128-ctr, aes192-ctr, aes256-ctr
DEB [20240413-17:29:32.665] thr=1   paramiko.transport: client mac: hmac-sha2-256, hmac-sha2-512, hmac-sha1, hmac-sha1-96
DEB [20240413-17:29:32.665] thr=1   paramiko.transport: server mac: hmac-sha2-256, hmac-sha2-512, hmac-sha1, hmac-sha1-96
DEB [20240413-17:29:32.665] thr=1   paramiko.transport: client compress: none
DEB [20240413-17:29:32.665] thr=1   paramiko.transport: server compress: none
DEB [20240413-17:29:32.665] thr=1   paramiko.transport: client lang: <none>
DEB [20240413-17:29:32.665] thr=1   paramiko.transport: server lang: <none>
DEB [20240413-17:29:32.665] thr=1   paramiko.transport: kex follows: False
DEB [20240413-17:29:32.665] thr=1   paramiko.transport: === Key exchange agreements ===
DEB [20240413-17:29:32.665] thr=1   paramiko.transport: Kex: diffie-hellman-group-exchange-sha1
DEB [20240413-17:29:32.665] thr=1   paramiko.transport: HostKey: ssh-rsa
DEB [20240413-17:29:32.665] thr=1   paramiko.transport: Cipher: aes128-ctr
DEB [20240413-17:29:32.665] thr=1   paramiko.transport: MAC: hmac-sha2-256
DEB [20240413-17:29:32.665] thr=1   paramiko.transport: Compression: none
DEB [20240413-17:29:32.665] thr=1   paramiko.transport: === End of kex handshake ===
DEB [20240413-17:29:32.874] thr=1   paramiko.transport: Got server p (2048 bits)
DEB [20240413-17:29:32.929] thr=1   paramiko.transport: kex engine KexGex specified hash_algo <built-in function openssl_sha1>
DEB [20240413-17:29:32.929] thr=1   paramiko.transport: Switch to new keys ...
DEB [20240413-17:29:32.930] thr=2   paramiko.transport: Adding ssh-rsa host key for 192.168.204.138: b'2e7eacacadd65ba41a21bf3a2cf9dcd4'
DEB [20240413-17:29:33.025] thr=2   paramiko.transport: Trying discovered key b'6d37c3b86cad9ec72fea1edc51de9bdd' in /home/eric/.ssh/id_rsa
DEB [20240413-17:29:33.136] thr=1   paramiko.transport: userauth is OK
DEB [20240413-17:29:33.136] thr=1   paramiko.transport: Finalizing pubkey algorithm for key of type 'ssh-rsa'
DEB [20240413-17:29:33.136] thr=1   paramiko.transport: Our pubkey algorithm list: ['rsa-sha2-512', 'rsa-sha2-256', 'ssh-rsa']
DEB [20240413-17:29:33.136] thr=1   paramiko.transport: Server did not send a server-sig-algs list; defaulting to our first preferred algo ('rsa-sha2-512')
DEB [20240413-17:29:33.136] thr=1   paramiko.transport: NOTE: you may use the 'disabled_algorithms' SSHClient/Transport init kwarg to disable that or other algorithms if your server does not support them!
INF [20240413-17:29:35.151] thr=1   paramiko.transport: Authentication (publickey) failed.
DEB [20240413-17:35:08.310] thr=1   paramiko.transport: starting thread (client mode): 0xb6744ee0
DEB [20240413-17:35:08.311] thr=1   paramiko.transport: Local version/idstring: SSH-2.0-paramiko_2.9.3
DEB [20240413-17:35:08.311] thr=1   paramiko.transport: Remote version/idstring: SSH-1.99-Cisco-1.25
INF [20240413-17:35:08.311] thr=1   paramiko.transport: Connected (version 1.99, client Cisco-1.25)
DEB [20240413-17:35:08.312] thr=1   paramiko.transport: === Key exchange possibilities ===
DEB [20240413-17:35:08.312] thr=1   paramiko.transport: kex algos: diffie-hellman-group-exchange-sha1, diffie-hellman-group14-sha1
DEB [20240413-17:35:08.312] thr=1   paramiko.transport: server key: ssh-rsa
DEB [20240413-17:35:08.312] thr=1   paramiko.transport: client encrypt: aes128-ctr, aes192-ctr, aes256-ctr
DEB [20240413-17:35:08.312] thr=1   paramiko.transport: server encrypt: aes128-ctr, aes192-ctr, aes256-ctr
DEB [20240413-17:35:08.312] thr=1   paramiko.transport: client mac: hmac-sha2-256, hmac-sha2-512, hmac-sha1, hmac-sha1-96
DEB [20240413-17:35:08.312] thr=1   paramiko.transport: server mac: hmac-sha2-256, hmac-sha2-512, hmac-sha1, hmac-sha1-96
DEB [20240413-17:35:08.312] thr=1   paramiko.transport: client compress: none
DEB [20240413-17:35:08.312] thr=1   paramiko.transport: server compress: none
DEB [20240413-17:35:08.312] thr=1   paramiko.transport: client lang: <none>
DEB [20240413-17:35:08.312] thr=1   paramiko.transport: server lang: <none>
DEB [20240413-17:35:08.312] thr=1   paramiko.transport: kex follows: False
DEB [20240413-17:35:08.312] thr=1   paramiko.transport: === Key exchange agreements ===
DEB [20240413-17:35:08.313] thr=1   paramiko.transport: Kex: diffie-hellman-group-exchange-sha1
DEB [20240413-17:35:08.313] thr=1   paramiko.transport: HostKey: ssh-rsa
DEB [20240413-17:35:08.313] thr=1   paramiko.transport: Cipher: aes128-ctr
DEB [20240413-17:35:08.313] thr=1   paramiko.transport: MAC: hmac-sha2-256
DEB [20240413-17:35:08.313] thr=1   paramiko.transport: Compression: none
DEB [20240413-17:35:08.313] thr=1   paramiko.transport: === End of kex handshake ===
DEB [20240413-17:35:08.513] thr=1   paramiko.transport: Got server p (2048 bits)
DEB [20240413-17:35:08.567] thr=1   paramiko.transport: kex engine KexGex specified hash_algo <built-in function openssl_sha1>
DEB [20240413-17:35:08.568] thr=1   paramiko.transport: Switch to new keys ...
DEB [20240413-17:35:08.568] thr=2   paramiko.transport: Adding ssh-rsa host key for 192.168.204.138: b'2e7eacacadd65ba41a21bf3a2cf9dcd4'
DEB [20240413-17:35:08.569] thr=2   paramiko.transport: Trying SSH agent key b'6d37c3b86cad9ec72fea1edc51de9bdd'
DEB [20240413-17:35:08.769] thr=1   paramiko.transport: userauth is OK
DEB [20240413-17:35:08.769] thr=1   paramiko.transport: Finalizing pubkey algorithm for key of type 'ssh-rsa'
DEB [20240413-17:35:08.769] thr=1   paramiko.transport: Our pubkey algorithm list: ['rsa-sha2-512', 'rsa-sha2-256', 'ssh-rsa']
DEB [20240413-17:35:08.770] thr=1   paramiko.transport: Server did not send a server-sig-algs list; defaulting to our first preferred algo ('rsa-sha2-512')
DEB [20240413-17:35:08.770] thr=1   paramiko.transport: NOTE: you may use the 'disabled_algorithms' SSHClient/Transport init kwarg to disable that or other algorithms if your server does not support them!
INF [20240413-17:35:10.773] thr=1   paramiko.transport: Authentication (publickey) failed.
DEB [20240413-17:35:10.773] thr=2   paramiko.transport: Trying SSH agent key b'e55307a79790698d4a62586eb8e65856'
INF [20240413-17:35:10.774] thr=1   paramiko.transport: Disconnect (code 2): Protocol error: expected packet type 50, got 5
DEB [20240413-17:35:10.869] thr=2   paramiko.transport: Trying discovered key b'6d37c3b86cad9ec72fea1edc51de9bdd' in /home/eric/.ssh/id_rsa
DEB [20240413-17:37:51.648] thr=1   paramiko.transport: starting thread (client mode): 0x152a4be0
DEB [20240413-17:37:51.648] thr=1   paramiko.transport: Local version/idstring: SSH-2.0-paramiko_2.9.3
DEB [20240413-17:37:51.649] thr=1   paramiko.transport: Remote version/idstring: SSH-1.99-Cisco-1.25
INF [20240413-17:37:51.649] thr=1   paramiko.transport: Connected (version 1.99, client Cisco-1.25)
DEB [20240413-17:37:51.649] thr=1   paramiko.transport: === Key exchange possibilities ===
DEB [20240413-17:37:51.649] thr=1   paramiko.transport: kex algos: diffie-hellman-group-exchange-sha1, diffie-hellman-group14-sha1
DEB [20240413-17:37:51.649] thr=1   paramiko.transport: server key: ssh-rsa
DEB [20240413-17:37:51.650] thr=1   paramiko.transport: client encrypt: aes128-ctr, aes192-ctr, aes256-ctr
DEB [20240413-17:37:51.650] thr=1   paramiko.transport: server encrypt: aes128-ctr, aes192-ctr, aes256-ctr
DEB [20240413-17:37:51.650] thr=1   paramiko.transport: client mac: hmac-sha2-256, hmac-sha2-512, hmac-sha1, hmac-sha1-96
DEB [20240413-17:37:51.650] thr=1   paramiko.transport: server mac: hmac-sha2-256, hmac-sha2-512, hmac-sha1, hmac-sha1-96
DEB [20240413-17:37:51.650] thr=1   paramiko.transport: client compress: none
DEB [20240413-17:37:51.650] thr=1   paramiko.transport: server compress: none
DEB [20240413-17:37:51.650] thr=1   paramiko.transport: client lang: <none>
DEB [20240413-17:37:51.650] thr=1   paramiko.transport: server lang: <none>
DEB [20240413-17:37:51.650] thr=1   paramiko.transport: kex follows: False
DEB [20240413-17:37:51.650] thr=1   paramiko.transport: === Key exchange agreements ===
DEB [20240413-17:37:51.650] thr=1   paramiko.transport: Kex: diffie-hellman-group-exchange-sha1
DEB [20240413-17:37:51.650] thr=1   paramiko.transport: HostKey: ssh-rsa
DEB [20240413-17:37:51.650] thr=1   paramiko.transport: Cipher: aes128-ctr
DEB [20240413-17:37:51.650] thr=1   paramiko.transport: MAC: hmac-sha2-256
DEB [20240413-17:37:51.650] thr=1   paramiko.transport: Compression: none
DEB [20240413-17:37:51.650] thr=1   paramiko.transport: === End of kex handshake ===
DEB [20240413-17:37:51.855] thr=1   paramiko.transport: Got server p (2048 bits)
DEB [20240413-17:37:51.910] thr=1   paramiko.transport: kex engine KexGex specified hash_algo <built-in function openssl_sha1>
DEB [20240413-17:37:51.910] thr=1   paramiko.transport: Switch to new keys ...
DEB [20240413-17:37:51.910] thr=2   paramiko.transport: Adding ssh-rsa host key for 192.168.204.138: b'2e7eacacadd65ba41a21bf3a2cf9dcd4'
DEB [20240413-17:37:52.004] thr=2   paramiko.transport: Trying discovered key b'6d37c3b86cad9ec72fea1edc51de9bdd' in /home/eric/.ssh/id_rsa
DEB [20240413-17:37:52.116] thr=1   paramiko.transport: userauth is OK
DEB [20240413-17:37:52.117] thr=1   paramiko.transport: Finalizing pubkey algorithm for key of type 'ssh-rsa'
DEB [20240413-17:37:52.117] thr=1   paramiko.transport: Our pubkey algorithm list: ['rsa-sha2-512', 'rsa-sha2-256', 'ssh-rsa']
DEB [20240413-17:37:52.117] thr=1   paramiko.transport: Server did not send a server-sig-algs list; defaulting to our first preferred algo ('rsa-sha2-512')
DEB [20240413-17:37:52.117] thr=1   paramiko.transport: NOTE: you may use the 'disabled_algorithms' SSHClient/Transport init kwarg to disable that or other algorithms if your server does not support them!
INF [20240413-17:37:54.129] thr=1   paramiko.transport: Authentication (publickey) failed.
DEB [20240413-18:14:09.263] thr=1   paramiko.transport: starting thread (client mode): 0x581f0cd0
DEB [20240413-18:14:09.264] thr=1   paramiko.transport: Local version/idstring: SSH-2.0-paramiko_2.9.3
DEB [20240413-18:14:09.264] thr=1   paramiko.transport: Remote version/idstring: SSH-1.99-Cisco-1.25
INF [20240413-18:14:09.264] thr=1   paramiko.transport: Connected (version 1.99, client Cisco-1.25)
DEB [20240413-18:14:09.265] thr=1   paramiko.transport: === Key exchange possibilities ===
DEB [20240413-18:14:09.265] thr=1   paramiko.transport: kex algos: diffie-hellman-group-exchange-sha1, diffie-hellman-group14-sha1
DEB [20240413-18:14:09.265] thr=1   paramiko.transport: server key: ssh-rsa
DEB [20240413-18:14:09.265] thr=1   paramiko.transport: client encrypt: aes128-ctr, aes192-ctr, aes256-ctr
DEB [20240413-18:14:09.265] thr=1   paramiko.transport: server encrypt: aes128-ctr, aes192-ctr, aes256-ctr
DEB [20240413-18:14:09.265] thr=1   paramiko.transport: client mac: hmac-sha2-256, hmac-sha2-512, hmac-sha1, hmac-sha1-96
DEB [20240413-18:14:09.265] thr=1   paramiko.transport: server mac: hmac-sha2-256, hmac-sha2-512, hmac-sha1, hmac-sha1-96
DEB [20240413-18:14:09.265] thr=1   paramiko.transport: client compress: none
DEB [20240413-18:14:09.265] thr=1   paramiko.transport: server compress: none
DEB [20240413-18:14:09.265] thr=1   paramiko.transport: client lang: <none>
DEB [20240413-18:14:09.265] thr=1   paramiko.transport: server lang: <none>
DEB [20240413-18:14:09.265] thr=1   paramiko.transport: kex follows: False
DEB [20240413-18:14:09.265] thr=1   paramiko.transport: === Key exchange agreements ===
DEB [20240413-18:14:09.265] thr=1   paramiko.transport: Kex: diffie-hellman-group-exchange-sha1
DEB [20240413-18:14:09.266] thr=1   paramiko.transport: HostKey: ssh-rsa
DEB [20240413-18:14:09.266] thr=1   paramiko.transport: Cipher: aes128-ctr
DEB [20240413-18:14:09.266] thr=1   paramiko.transport: MAC: hmac-sha2-256
DEB [20240413-18:14:09.266] thr=1   paramiko.transport: Compression: none
DEB [20240413-18:14:09.266] thr=1   paramiko.transport: === End of kex handshake ===
DEB [20240413-18:14:09.472] thr=1   paramiko.transport: Got server p (2048 bits)
DEB [20240413-18:14:09.527] thr=1   paramiko.transport: kex engine KexGex specified hash_algo <built-in function openssl_sha1>
DEB [20240413-18:14:09.527] thr=1   paramiko.transport: Switch to new keys ...
DEB [20240413-18:14:09.528] thr=2   paramiko.transport: Adding ssh-rsa host key for 192.168.204.138: b'2e7eacacadd65ba41a21bf3a2cf9dcd4'
DEB [20240413-18:14:09.623] thr=2   paramiko.transport: Trying discovered key b'6d37c3b86cad9ec72fea1edc51de9bdd' in /home/eric/.ssh/id_rsa
DEB [20240413-18:14:09.746] thr=1   paramiko.transport: userauth is OK
DEB [20240413-18:14:09.747] thr=1   paramiko.transport: Finalizing pubkey algorithm for key of type 'ssh-rsa'
DEB [20240413-18:14:09.747] thr=1   paramiko.transport: Our pubkey algorithm list: ['ssh-rsa']
DEB [20240413-18:14:09.747] thr=1   paramiko.transport: Server did not send a server-sig-algs list; defaulting to our first preferred algo ('ssh-rsa')
DEB [20240413-18:14:09.747] thr=1   paramiko.transport: NOTE: you may use the 'disabled_algorithms' SSHClient/Transport init kwarg to disable that or other algorithms if your server does not support them!
INF [20240413-18:14:09.753] thr=1   paramiko.transport: Authentication (publickey) successful!
DEB [20240413-18:14:09.754] thr=2   paramiko.transport: [chan 0] Max packet in: 32768 bytes
DEB [20240413-18:14:09.755] thr=1   paramiko.transport: [chan 0] Max packet out: 4096 bytes
DEB [20240413-18:14:09.755] thr=1   paramiko.transport: Secsh channel 0 opened.
DEB [20240413-18:14:09.756] thr=1   paramiko.transport: [chan 0] Sesch channel 0 request ok
DEB [20240413-18:14:09.757] thr=1   paramiko.transport: [chan 0] Sesch channel 0 request ok
DEB [20240413-18:20:19.429] thr=1   paramiko.transport: starting thread (client mode): 0x95df1390
DEB [20240413-18:20:19.430] thr=1   paramiko.transport: Local version/idstring: SSH-2.0-paramiko_2.9.3
DEB [20240413-18:20:19.431] thr=1   paramiko.transport: Remote version/idstring: SSH-1.99-Cisco-1.25
INF [20240413-18:20:19.431] thr=1   paramiko.transport: Connected (version 1.99, client Cisco-1.25)
DEB [20240413-18:20:19.431] thr=1   paramiko.transport: === Key exchange possibilities ===
DEB [20240413-18:20:19.431] thr=1   paramiko.transport: kex algos: diffie-hellman-group-exchange-sha1, diffie-hellman-group14-sha1
DEB [20240413-18:20:19.431] thr=1   paramiko.transport: server key: ssh-rsa
DEB [20240413-18:20:19.431] thr=1   paramiko.transport: client encrypt: aes128-ctr, aes192-ctr, aes256-ctr
DEB [20240413-18:20:19.431] thr=1   paramiko.transport: server encrypt: aes128-ctr, aes192-ctr, aes256-ctr
DEB [20240413-18:20:19.431] thr=1   paramiko.transport: client mac: hmac-sha2-256, hmac-sha2-512, hmac-sha1, hmac-sha1-96
DEB [20240413-18:20:19.431] thr=1   paramiko.transport: server mac: hmac-sha2-256, hmac-sha2-512, hmac-sha1, hmac-sha1-96
DEB [20240413-18:20:19.431] thr=1   paramiko.transport: client compress: none
DEB [20240413-18:20:19.431] thr=1   paramiko.transport: server compress: none
DEB [20240413-18:20:19.431] thr=1   paramiko.transport: client lang: <none>
DEB [20240413-18:20:19.431] thr=1   paramiko.transport: server lang: <none>
DEB [20240413-18:20:19.431] thr=1   paramiko.transport: kex follows: False
DEB [20240413-18:20:19.431] thr=1   paramiko.transport: === Key exchange agreements ===
DEB [20240413-18:20:19.432] thr=1   paramiko.transport: Kex: diffie-hellman-group-exchange-sha1
DEB [20240413-18:20:19.432] thr=1   paramiko.transport: HostKey: ssh-rsa
DEB [20240413-18:20:19.432] thr=1   paramiko.transport: Cipher: aes128-ctr
DEB [20240413-18:20:19.432] thr=1   paramiko.transport: MAC: hmac-sha2-256
DEB [20240413-18:20:19.432] thr=1   paramiko.transport: Compression: none
DEB [20240413-18:20:19.432] thr=1   paramiko.transport: === End of kex handshake ===
DEB [20240413-18:20:19.634] thr=1   paramiko.transport: Got server p (2048 bits)
DEB [20240413-18:20:19.688] thr=1   paramiko.transport: kex engine KexGex specified hash_algo <built-in function openssl_sha1>
DEB [20240413-18:20:19.688] thr=1   paramiko.transport: Switch to new keys ...
DEB [20240413-18:20:19.689] thr=2   paramiko.transport: Adding ssh-rsa host key for 192.168.204.138: b'2e7eacacadd65ba41a21bf3a2cf9dcd4'
DEB [20240413-18:20:19.785] thr=2   paramiko.transport: Trying discovered key b'6d37c3b86cad9ec72fea1edc51de9bdd' in /home/eric/.ssh/id_rsa
DEB [20240413-18:20:19.907] thr=1   paramiko.transport: userauth is OK
DEB [20240413-18:20:19.908] thr=1   paramiko.transport: Finalizing pubkey algorithm for key of type 'ssh-rsa'
DEB [20240413-18:20:19.908] thr=1   paramiko.transport: Our pubkey algorithm list: ['ssh-rsa']
DEB [20240413-18:20:19.908] thr=1   paramiko.transport: Server did not send a server-sig-algs list; defaulting to our first preferred algo ('ssh-rsa')
DEB [20240413-18:20:19.908] thr=1   paramiko.transport: NOTE: you may use the 'disabled_algorithms' SSHClient/Transport init kwarg to disable that or other algorithms if your server does not support them!
INF [20240413-18:20:19.913] thr=1   paramiko.transport: Authentication (publickey) successful!
DEB [20240413-18:20:19.913] thr=2   paramiko.transport: [chan 0] Max packet in: 32768 bytes
DEB [20240413-18:20:19.915] thr=1   paramiko.transport: [chan 0] Max packet out: 4096 bytes
DEB [20240413-18:20:19.915] thr=1   paramiko.transport: Secsh channel 0 opened.
DEB [20240413-18:20:19.917] thr=1   paramiko.transport: [chan 0] Sesch channel 0 request ok
DEB [20240413-18:20:19.918] thr=1   paramiko.transport: [chan 0] Sesch channel 0 request ok
DEB [20240413-18:22:16.984] thr=1   paramiko.transport: starting thread (client mode): 0x288993f0
DEB [20240413-18:22:16.984] thr=1   paramiko.transport: Local version/idstring: SSH-2.0-paramiko_2.9.3
DEB [20240413-18:22:16.984] thr=1   paramiko.transport: Remote version/idstring: SSH-1.99-Cisco-1.25
INF [20240413-18:22:16.984] thr=1   paramiko.transport: Connected (version 1.99, client Cisco-1.25)
DEB [20240413-18:22:16.989] thr=1   paramiko.transport: === Key exchange possibilities ===
DEB [20240413-18:22:16.989] thr=1   paramiko.transport: kex algos: diffie-hellman-group-exchange-sha1, diffie-hellman-group14-sha1
DEB [20240413-18:22:16.989] thr=1   paramiko.transport: server key: ssh-rsa
DEB [20240413-18:22:16.990] thr=1   paramiko.transport: client encrypt: aes128-ctr, aes192-ctr, aes256-ctr
DEB [20240413-18:22:16.990] thr=1   paramiko.transport: server encrypt: aes128-ctr, aes192-ctr, aes256-ctr
DEB [20240413-18:22:16.990] thr=1   paramiko.transport: client mac: hmac-sha2-256, hmac-sha2-512, hmac-sha1, hmac-sha1-96
DEB [20240413-18:22:16.990] thr=1   paramiko.transport: server mac: hmac-sha2-256, hmac-sha2-512, hmac-sha1, hmac-sha1-96
DEB [20240413-18:22:16.990] thr=1   paramiko.transport: client compress: none
DEB [20240413-18:22:16.990] thr=1   paramiko.transport: server compress: none
DEB [20240413-18:22:16.990] thr=1   paramiko.transport: client lang: <none>
DEB [20240413-18:22:16.990] thr=1   paramiko.transport: server lang: <none>
DEB [20240413-18:22:16.990] thr=1   paramiko.transport: kex follows: False
DEB [20240413-18:22:16.990] thr=1   paramiko.transport: === Key exchange agreements ===
DEB [20240413-18:22:16.990] thr=1   paramiko.transport: Kex: diffie-hellman-group-exchange-sha1
DEB [20240413-18:22:16.990] thr=1   paramiko.transport: HostKey: ssh-rsa
DEB [20240413-18:22:16.990] thr=1   paramiko.transport: Cipher: aes128-ctr
DEB [20240413-18:22:16.990] thr=1   paramiko.transport: MAC: hmac-sha2-256
DEB [20240413-18:22:16.990] thr=1   paramiko.transport: Compression: none
DEB [20240413-18:22:16.990] thr=1   paramiko.transport: === End of kex handshake ===
DEB [20240413-18:22:17.196] thr=1   paramiko.transport: Got server p (2048 bits)
DEB [20240413-18:22:17.251] thr=1   paramiko.transport: kex engine KexGex specified hash_algo <built-in function openssl_sha1>
DEB [20240413-18:22:17.252] thr=1   paramiko.transport: Switch to new keys ...
DEB [20240413-18:22:17.252] thr=2   paramiko.transport: Adding ssh-rsa host key for 192.168.204.138: b'2e7eacacadd65ba41a21bf3a2cf9dcd4'
DEB [20240413-18:22:17.252] thr=2   paramiko.transport: Trying SSH key b'6d37c3b86cad9ec72fea1edc51de9bdd'
DEB [20240413-18:22:17.469] thr=1   paramiko.transport: userauth is OK
DEB [20240413-18:22:17.469] thr=1   paramiko.transport: Finalizing pubkey algorithm for key of type 'ssh-rsa'
DEB [20240413-18:22:17.469] thr=1   paramiko.transport: Our pubkey algorithm list: ['ssh-rsa']
DEB [20240413-18:22:17.469] thr=1   paramiko.transport: Server did not send a server-sig-algs list; defaulting to our first preferred algo ('ssh-rsa')
DEB [20240413-18:22:17.469] thr=1   paramiko.transport: NOTE: you may use the 'disabled_algorithms' SSHClient/Transport init kwarg to disable that or other algorithms if your server does not support them!
INF [20240413-18:22:17.483] thr=1   paramiko.transport: Authentication (publickey) successful!
DEB [20240413-18:22:17.483] thr=2   paramiko.transport: [chan 0] Max packet in: 32768 bytes
DEB [20240413-18:22:17.484] thr=1   paramiko.transport: [chan 0] Max packet out: 4096 bytes
DEB [20240413-18:22:17.484] thr=1   paramiko.transport: Secsh channel 0 opened.
DEB [20240413-18:22:17.491] thr=1   paramiko.transport: [chan 0] Sesch channel 0 request ok
DEB [20240413-18:22:17.492] thr=1   paramiko.transport: [chan 0] Sesch channel 0 request ok
DEB [20240413-18:24:55.512] thr=1   paramiko.transport: starting thread (client mode): 0x54b49450
DEB [20240413-18:24:55.512] thr=1   paramiko.transport: Local version/idstring: SSH-2.0-paramiko_2.9.3
DEB [20240413-18:24:55.512] thr=1   paramiko.transport: Remote version/idstring: SSH-1.99-Cisco-1.25
INF [20240413-18:24:55.512] thr=1   paramiko.transport: Connected (version 1.99, client Cisco-1.25)
DEB [20240413-18:24:55.513] thr=1   paramiko.transport: === Key exchange possibilities ===
DEB [20240413-18:24:55.513] thr=1   paramiko.transport: kex algos: diffie-hellman-group-exchange-sha1, diffie-hellman-group14-sha1
DEB [20240413-18:24:55.513] thr=1   paramiko.transport: server key: ssh-rsa
DEB [20240413-18:24:55.513] thr=1   paramiko.transport: client encrypt: aes128-ctr, aes192-ctr, aes256-ctr
DEB [20240413-18:24:55.513] thr=1   paramiko.transport: server encrypt: aes128-ctr, aes192-ctr, aes256-ctr
DEB [20240413-18:24:55.513] thr=1   paramiko.transport: client mac: hmac-sha2-256, hmac-sha2-512, hmac-sha1, hmac-sha1-96
DEB [20240413-18:24:55.513] thr=1   paramiko.transport: server mac: hmac-sha2-256, hmac-sha2-512, hmac-sha1, hmac-sha1-96
DEB [20240413-18:24:55.513] thr=1   paramiko.transport: client compress: none
DEB [20240413-18:24:55.513] thr=1   paramiko.transport: server compress: none
DEB [20240413-18:24:55.514] thr=1   paramiko.transport: client lang: <none>
DEB [20240413-18:24:55.514] thr=1   paramiko.transport: server lang: <none>
DEB [20240413-18:24:55.514] thr=1   paramiko.transport: kex follows: False
DEB [20240413-18:24:55.514] thr=1   paramiko.transport: === Key exchange agreements ===
DEB [20240413-18:24:55.514] thr=1   paramiko.transport: Kex: diffie-hellman-group-exchange-sha1
DEB [20240413-18:24:55.514] thr=1   paramiko.transport: HostKey: ssh-rsa
DEB [20240413-18:24:55.514] thr=1   paramiko.transport: Cipher: aes128-ctr
DEB [20240413-18:24:55.514] thr=1   paramiko.transport: MAC: hmac-sha2-256
DEB [20240413-18:24:55.514] thr=1   paramiko.transport: Compression: none
DEB [20240413-18:24:55.514] thr=1   paramiko.transport: === End of kex handshake ===
DEB [20240413-18:24:55.716] thr=1   paramiko.transport: Got server p (2048 bits)
DEB [20240413-18:24:55.772] thr=1   paramiko.transport: kex engine KexGex specified hash_algo <built-in function openssl_sha1>
DEB [20240413-18:24:55.772] thr=1   paramiko.transport: Switch to new keys ...
DEB [20240413-18:24:55.773] thr=2   paramiko.transport: Adding ssh-rsa host key for 192.168.204.138: b'2e7eacacadd65ba41a21bf3a2cf9dcd4'
DEB [20240413-18:24:55.773] thr=2   paramiko.transport: Trying SSH key b'6d37c3b86cad9ec72fea1edc51de9bdd'
DEB [20240413-18:24:55.975] thr=1   paramiko.transport: userauth is OK
DEB [20240413-18:24:55.975] thr=1   paramiko.transport: Finalizing pubkey algorithm for key of type 'ssh-rsa'
DEB [20240413-18:24:55.975] thr=1   paramiko.transport: Our pubkey algorithm list: ['ssh-rsa']
DEB [20240413-18:24:55.975] thr=1   paramiko.transport: Server did not send a server-sig-algs list; defaulting to our first preferred algo ('ssh-rsa')
DEB [20240413-18:24:55.975] thr=1   paramiko.transport: NOTE: you may use the 'disabled_algorithms' SSHClient/Transport init kwarg to disable that or other algorithms if your server does not support them!
INF [20240413-18:24:55.980] thr=1   paramiko.transport: Authentication (publickey) successful!
DEB [20240413-18:24:55.980] thr=2   paramiko.transport: [chan 0] Max packet in: 32768 bytes
DEB [20240413-18:24:55.981] thr=1   paramiko.transport: [chan 0] Max packet out: 4096 bytes
DEB [20240413-18:24:55.981] thr=1   paramiko.transport: Secsh channel 0 opened.
DEB [20240413-18:24:55.982] thr=1   paramiko.transport: [chan 0] Sesch channel 0 request ok
DEB [20240413-18:24:55.983] thr=1   paramiko.transport: [chan 0] Sesch channel 0 request ok
DEB [20240413-18:26:11.620] thr=1   paramiko.transport: starting thread (client mode): 0xa09213f0
DEB [20240413-18:26:11.620] thr=1   paramiko.transport: Local version/idstring: SSH-2.0-paramiko_2.9.3
DEB [20240413-18:26:11.621] thr=1   paramiko.transport: Remote version/idstring: SSH-1.99-Cisco-1.25
INF [20240413-18:26:11.621] thr=1   paramiko.transport: Connected (version 1.99, client Cisco-1.25)
DEB [20240413-18:26:11.621] thr=1   paramiko.transport: === Key exchange possibilities ===
DEB [20240413-18:26:11.621] thr=1   paramiko.transport: kex algos: diffie-hellman-group-exchange-sha1, diffie-hellman-group14-sha1
DEB [20240413-18:26:11.621] thr=1   paramiko.transport: server key: ssh-rsa
DEB [20240413-18:26:11.621] thr=1   paramiko.transport: client encrypt: aes128-ctr, aes192-ctr, aes256-ctr
DEB [20240413-18:26:11.621] thr=1   paramiko.transport: server encrypt: aes128-ctr, aes192-ctr, aes256-ctr
DEB [20240413-18:26:11.621] thr=1   paramiko.transport: client mac: hmac-sha2-256, hmac-sha2-512, hmac-sha1, hmac-sha1-96
DEB [20240413-18:26:11.621] thr=1   paramiko.transport: server mac: hmac-sha2-256, hmac-sha2-512, hmac-sha1, hmac-sha1-96
DEB [20240413-18:26:11.621] thr=1   paramiko.transport: client compress: none
DEB [20240413-18:26:11.621] thr=1   paramiko.transport: server compress: none
DEB [20240413-18:26:11.621] thr=1   paramiko.transport: client lang: <none>
DEB [20240413-18:26:11.621] thr=1   paramiko.transport: server lang: <none>
DEB [20240413-18:26:11.621] thr=1   paramiko.transport: kex follows: False
DEB [20240413-18:26:11.621] thr=1   paramiko.transport: === Key exchange agreements ===
DEB [20240413-18:26:11.621] thr=1   paramiko.transport: Kex: diffie-hellman-group-exchange-sha1
DEB [20240413-18:26:11.621] thr=1   paramiko.transport: HostKey: ssh-rsa
DEB [20240413-18:26:11.621] thr=1   paramiko.transport: Cipher: aes128-ctr
DEB [20240413-18:26:11.622] thr=1   paramiko.transport: MAC: hmac-sha2-256
DEB [20240413-18:26:11.622] thr=1   paramiko.transport: Compression: none
DEB [20240413-18:26:11.622] thr=1   paramiko.transport: === End of kex handshake ===
DEB [20240413-18:26:11.830] thr=1   paramiko.transport: Got server p (2048 bits)
DEB [20240413-18:26:11.884] thr=1   paramiko.transport: kex engine KexGex specified hash_algo <built-in function openssl_sha1>
DEB [20240413-18:26:11.884] thr=1   paramiko.transport: Switch to new keys ...
DEB [20240413-18:26:11.885] thr=2   paramiko.transport: Adding ssh-rsa host key for 192.168.204.138: b'2e7eacacadd65ba41a21bf3a2cf9dcd4'
DEB [20240413-18:26:11.885] thr=2   paramiko.transport: Trying SSH key b'6d37c3b86cad9ec72fea1edc51de9bdd'
DEB [20240413-18:26:12.106] thr=1   paramiko.transport: userauth is OK
DEB [20240413-18:26:12.106] thr=1   paramiko.transport: Finalizing pubkey algorithm for key of type 'ssh-rsa'
DEB [20240413-18:26:12.106] thr=1   paramiko.transport: Our pubkey algorithm list: ['ssh-rsa']
DEB [20240413-18:26:12.106] thr=1   paramiko.transport: Server did not send a server-sig-algs list; defaulting to our first preferred algo ('ssh-rsa')
DEB [20240413-18:26:12.106] thr=1   paramiko.transport: NOTE: you may use the 'disabled_algorithms' SSHClient/Transport init kwarg to disable that or other algorithms if your server does not support them!
INF [20240413-18:26:12.120] thr=1   paramiko.transport: Authentication (publickey) successful!
DEB [20240413-18:26:12.121] thr=2   paramiko.transport: [chan 0] Max packet in: 32768 bytes
DEB [20240413-18:26:12.122] thr=1   paramiko.transport: [chan 0] Max packet out: 4096 bytes
DEB [20240413-18:26:12.122] thr=1   paramiko.transport: Secsh channel 0 opened.
DEB [20240413-18:26:12.123] thr=1   paramiko.transport: [chan 0] Sesch channel 0 request ok
DEB [20240413-18:26:12.124] thr=1   paramiko.transport: [chan 0] Sesch channel 0 request ok
DEB [20240413-18:27:13.214] thr=1   paramiko.transport: starting thread (client mode): 0x3d3253f0
DEB [20240413-18:27:13.214] thr=1   paramiko.transport: Local version/idstring: SSH-2.0-paramiko_2.9.3
DEB [20240413-18:27:13.216] thr=1   paramiko.transport: Remote version/idstring: SSH-1.99-Cisco-1.25
INF [20240413-18:27:13.216] thr=1   paramiko.transport: Connected (version 1.99, client Cisco-1.25)
DEB [20240413-18:27:13.218] thr=1   paramiko.transport: === Key exchange possibilities ===
DEB [20240413-18:27:13.218] thr=1   paramiko.transport: kex algos: diffie-hellman-group-exchange-sha1, diffie-hellman-group14-sha1
DEB [20240413-18:27:13.218] thr=1   paramiko.transport: server key: ssh-rsa
DEB [20240413-18:27:13.218] thr=1   paramiko.transport: client encrypt: aes128-ctr, aes192-ctr, aes256-ctr
DEB [20240413-18:27:13.218] thr=1   paramiko.transport: server encrypt: aes128-ctr, aes192-ctr, aes256-ctr
DEB [20240413-18:27:13.218] thr=1   paramiko.transport: client mac: hmac-sha2-256, hmac-sha2-512, hmac-sha1, hmac-sha1-96
DEB [20240413-18:27:13.218] thr=1   paramiko.transport: server mac: hmac-sha2-256, hmac-sha2-512, hmac-sha1, hmac-sha1-96
DEB [20240413-18:27:13.218] thr=1   paramiko.transport: client compress: none
DEB [20240413-18:27:13.219] thr=1   paramiko.transport: server compress: none
DEB [20240413-18:27:13.219] thr=1   paramiko.transport: client lang: <none>
DEB [20240413-18:27:13.219] thr=1   paramiko.transport: server lang: <none>
DEB [20240413-18:27:13.219] thr=1   paramiko.transport: kex follows: False
DEB [20240413-18:27:13.219] thr=1   paramiko.transport: === Key exchange agreements ===
DEB [20240413-18:27:13.219] thr=1   paramiko.transport: Kex: diffie-hellman-group-exchange-sha1
DEB [20240413-18:27:13.219] thr=1   paramiko.transport: HostKey: ssh-rsa
DEB [20240413-18:27:13.219] thr=1   paramiko.transport: Cipher: aes128-ctr
DEB [20240413-18:27:13.219] thr=1   paramiko.transport: MAC: hmac-sha2-256
DEB [20240413-18:27:13.219] thr=1   paramiko.transport: Compression: none
DEB [20240413-18:27:13.219] thr=1   paramiko.transport: === End of kex handshake ===
DEB [20240413-18:27:13.220] thr=1   paramiko.transport: Got server p (2048 bits)
DEB [20240413-18:27:13.276] thr=1   paramiko.transport: kex engine KexGex specified hash_algo <built-in function openssl_sha1>
DEB [20240413-18:27:13.277] thr=1   paramiko.transport: Switch to new keys ...
DEB [20240413-18:27:13.277] thr=2   paramiko.transport: Adding ssh-rsa host key for 192.168.204.138: b'2e7eacacadd65ba41a21bf3a2cf9dcd4'
DEB [20240413-18:27:13.277] thr=2   paramiko.transport: Trying SSH key b'6d37c3b86cad9ec72fea1edc51de9bdd'
DEB [20240413-18:27:13.486] thr=1   paramiko.transport: userauth is OK
DEB [20240413-18:27:13.486] thr=1   paramiko.transport: Finalizing pubkey algorithm for key of type 'ssh-rsa'
DEB [20240413-18:27:13.486] thr=1   paramiko.transport: Our pubkey algorithm list: ['ssh-rsa']
DEB [20240413-18:27:13.486] thr=1   paramiko.transport: Server did not send a server-sig-algs list; defaulting to our first preferred algo ('ssh-rsa')
DEB [20240413-18:27:13.486] thr=1   paramiko.transport: NOTE: you may use the 'disabled_algorithms' SSHClient/Transport init kwarg to disable that or other algorithms if your server does not support them!
INF [20240413-18:27:13.504] thr=1   paramiko.transport: Authentication (publickey) successful!
DEB [20240413-18:27:13.505] thr=2   paramiko.transport: [chan 0] Max packet in: 32768 bytes
DEB [20240413-18:27:13.514] thr=1   paramiko.transport: [chan 0] Max packet out: 4096 bytes
DEB [20240413-18:27:13.514] thr=1   paramiko.transport: Secsh channel 0 opened.
DEB [20240413-18:27:13.521] thr=1   paramiko.transport: [chan 0] Sesch channel 0 request ok
DEB [20240413-18:27:13.522] thr=1   paramiko.transport: [chan 0] Sesch channel 0 request ok
DEB [20240413-18:28:35.258] thr=1   paramiko.transport: starting thread (client mode): 0x73453f0
DEB [20240413-18:28:35.258] thr=1   paramiko.transport: Local version/idstring: SSH-2.0-paramiko_2.9.3
DEB [20240413-18:28:35.259] thr=1   paramiko.transport: Remote version/idstring: SSH-1.99-Cisco-1.25
INF [20240413-18:28:35.259] thr=1   paramiko.transport: Connected (version 1.99, client Cisco-1.25)
DEB [20240413-18:28:35.259] thr=1   paramiko.transport: === Key exchange possibilities ===
DEB [20240413-18:28:35.259] thr=1   paramiko.transport: kex algos: diffie-hellman-group-exchange-sha1, diffie-hellman-group14-sha1
DEB [20240413-18:28:35.259] thr=1   paramiko.transport: server key: ssh-rsa
DEB [20240413-18:28:35.259] thr=1   paramiko.transport: client encrypt: aes128-ctr, aes192-ctr, aes256-ctr
DEB [20240413-18:28:35.259] thr=1   paramiko.transport: server encrypt: aes128-ctr, aes192-ctr, aes256-ctr
DEB [20240413-18:28:35.260] thr=1   paramiko.transport: client mac: hmac-sha2-256, hmac-sha2-512, hmac-sha1, hmac-sha1-96
DEB [20240413-18:28:35.260] thr=1   paramiko.transport: server mac: hmac-sha2-256, hmac-sha2-512, hmac-sha1, hmac-sha1-96
DEB [20240413-18:28:35.260] thr=1   paramiko.transport: client compress: none
DEB [20240413-18:28:35.260] thr=1   paramiko.transport: server compress: none
DEB [20240413-18:28:35.260] thr=1   paramiko.transport: client lang: <none>
DEB [20240413-18:28:35.260] thr=1   paramiko.transport: server lang: <none>
DEB [20240413-18:28:35.260] thr=1   paramiko.transport: kex follows: False
DEB [20240413-18:28:35.260] thr=1   paramiko.transport: === Key exchange agreements ===
DEB [20240413-18:28:35.260] thr=1   paramiko.transport: Kex: diffie-hellman-group-exchange-sha1
DEB [20240413-18:28:35.260] thr=1   paramiko.transport: HostKey: ssh-rsa
DEB [20240413-18:28:35.260] thr=1   paramiko.transport: Cipher: aes128-ctr
DEB [20240413-18:28:35.260] thr=1   paramiko.transport: MAC: hmac-sha2-256
DEB [20240413-18:28:35.260] thr=1   paramiko.transport: Compression: none
DEB [20240413-18:28:35.260] thr=1   paramiko.transport: === End of kex handshake ===
DEB [20240413-18:28:35.465] thr=1   paramiko.transport: Got server p (2048 bits)
DEB [20240413-18:28:35.519] thr=1   paramiko.transport: kex engine KexGex specified hash_algo <built-in function openssl_sha1>
DEB [20240413-18:28:35.520] thr=1   paramiko.transport: Switch to new keys ...
DEB [20240413-18:28:35.520] thr=2   paramiko.transport: Adding ssh-rsa host key for 192.168.204.138: b'2e7eacacadd65ba41a21bf3a2cf9dcd4'
DEB [20240413-18:28:35.520] thr=2   paramiko.transport: Trying SSH key b'6d37c3b86cad9ec72fea1edc51de9bdd'
DEB [20240413-18:28:35.725] thr=1   paramiko.transport: userauth is OK
DEB [20240413-18:28:35.726] thr=1   paramiko.transport: Finalizing pubkey algorithm for key of type 'ssh-rsa'
DEB [20240413-18:28:35.726] thr=1   paramiko.transport: Our pubkey algorithm list: ['ssh-rsa']
DEB [20240413-18:28:35.726] thr=1   paramiko.transport: Server did not send a server-sig-algs list; defaulting to our first preferred algo ('ssh-rsa')
DEB [20240413-18:28:35.726] thr=1   paramiko.transport: NOTE: you may use the 'disabled_algorithms' SSHClient/Transport init kwarg to disable that or other algorithms if your server does not support them!
INF [20240413-18:28:35.730] thr=1   paramiko.transport: Authentication (publickey) successful!
DEB [20240413-18:28:35.731] thr=2   paramiko.transport: [chan 0] Max packet in: 32768 bytes
DEB [20240413-18:28:35.739] thr=1   paramiko.transport: [chan 0] Max packet out: 4096 bytes
DEB [20240413-18:28:35.739] thr=1   paramiko.transport: Secsh channel 0 opened.
DEB [20240413-18:28:35.747] thr=1   paramiko.transport: [chan 0] Sesch channel 0 request ok
DEB [20240413-18:28:35.748] thr=1   paramiko.transport: [chan 0] Sesch channel 0 request ok
DEB [20240413-18:30:20.253] thr=1   paramiko.transport: starting thread (client mode): 0x52e1d3f0
DEB [20240413-18:30:20.254] thr=1   paramiko.transport: Local version/idstring: SSH-2.0-paramiko_2.9.3
DEB [20240413-18:30:20.259] thr=1   paramiko.transport: Remote version/idstring: SSH-1.99-Cisco-1.25
INF [20240413-18:30:20.259] thr=1   paramiko.transport: Connected (version 1.99, client Cisco-1.25)
DEB [20240413-18:30:20.260] thr=1   paramiko.transport: === Key exchange possibilities ===
DEB [20240413-18:30:20.260] thr=1   paramiko.transport: kex algos: diffie-hellman-group-exchange-sha1, diffie-hellman-group14-sha1
DEB [20240413-18:30:20.260] thr=1   paramiko.transport: server key: ssh-rsa
DEB [20240413-18:30:20.260] thr=1   paramiko.transport: client encrypt: aes128-ctr, aes192-ctr, aes256-ctr
DEB [20240413-18:30:20.260] thr=1   paramiko.transport: server encrypt: aes128-ctr, aes192-ctr, aes256-ctr
DEB [20240413-18:30:20.260] thr=1   paramiko.transport: client mac: hmac-sha2-256, hmac-sha2-512, hmac-sha1, hmac-sha1-96
DEB [20240413-18:30:20.260] thr=1   paramiko.transport: server mac: hmac-sha2-256, hmac-sha2-512, hmac-sha1, hmac-sha1-96
DEB [20240413-18:30:20.260] thr=1   paramiko.transport: client compress: none
DEB [20240413-18:30:20.260] thr=1   paramiko.transport: server compress: none
DEB [20240413-18:30:20.260] thr=1   paramiko.transport: client lang: <none>
DEB [20240413-18:30:20.260] thr=1   paramiko.transport: server lang: <none>
DEB [20240413-18:30:20.260] thr=1   paramiko.transport: kex follows: False
DEB [20240413-18:30:20.260] thr=1   paramiko.transport: === Key exchange agreements ===
DEB [20240413-18:30:20.261] thr=1   paramiko.transport: Kex: diffie-hellman-group-exchange-sha1
DEB [20240413-18:30:20.261] thr=1   paramiko.transport: HostKey: ssh-rsa
DEB [20240413-18:30:20.261] thr=1   paramiko.transport: Cipher: aes128-ctr
DEB [20240413-18:30:20.261] thr=1   paramiko.transport: MAC: hmac-sha2-256
DEB [20240413-18:30:20.261] thr=1   paramiko.transport: Compression: none
DEB [20240413-18:30:20.261] thr=1   paramiko.transport: === End of kex handshake ===
DEB [20240413-18:30:20.263] thr=1   paramiko.transport: Got server p (2048 bits)
DEB [20240413-18:30:20.318] thr=1   paramiko.transport: kex engine KexGex specified hash_algo <built-in function openssl_sha1>
DEB [20240413-18:30:20.319] thr=1   paramiko.transport: Switch to new keys ...
DEB [20240413-18:30:20.319] thr=2   paramiko.transport: Adding ssh-rsa host key for 192.168.204.138: b'2e7eacacadd65ba41a21bf3a2cf9dcd4'
DEB [20240413-18:30:20.320] thr=2   paramiko.transport: Trying SSH key b'6d37c3b86cad9ec72fea1edc51de9bdd'
DEB [20240413-18:30:20.536] thr=1   paramiko.transport: userauth is OK
DEB [20240413-18:30:20.536] thr=1   paramiko.transport: Finalizing pubkey algorithm for key of type 'ssh-rsa'
DEB [20240413-18:30:20.536] thr=1   paramiko.transport: Our pubkey algorithm list: ['ssh-rsa']
DEB [20240413-18:30:20.536] thr=1   paramiko.transport: Server did not send a server-sig-algs list; defaulting to our first preferred algo ('ssh-rsa')
DEB [20240413-18:30:20.536] thr=1   paramiko.transport: NOTE: you may use the 'disabled_algorithms' SSHClient/Transport init kwarg to disable that or other algorithms if your server does not support them!
INF [20240413-18:30:20.540] thr=1   paramiko.transport: Authentication (publickey) successful!
DEB [20240413-18:30:20.541] thr=2   paramiko.transport: [chan 0] Max packet in: 32768 bytes
DEB [20240413-18:30:20.550] thr=1   paramiko.transport: [chan 0] Max packet out: 4096 bytes
DEB [20240413-18:30:20.550] thr=1   paramiko.transport: Secsh channel 0 opened.
DEB [20240413-18:30:20.551] thr=1   paramiko.transport: [chan 0] Sesch channel 0 request ok
DEB [20240413-18:30:20.558] thr=1   paramiko.transport: [chan 0] Sesch channel 0 request ok
DEB [20240413-18:30:35.480] thr=1   paramiko.transport: starting thread (client mode): 0x60cf93f0
DEB [20240413-18:30:35.481] thr=1   paramiko.transport: Local version/idstring: SSH-2.0-paramiko_2.9.3
DEB [20240413-18:30:35.481] thr=1   paramiko.transport: Remote version/idstring: SSH-1.99-Cisco-1.25
INF [20240413-18:30:35.481] thr=1   paramiko.transport: Connected (version 1.99, client Cisco-1.25)
DEB [20240413-18:30:35.482] thr=1   paramiko.transport: === Key exchange possibilities ===
DEB [20240413-18:30:35.482] thr=1   paramiko.transport: kex algos: diffie-hellman-group-exchange-sha1, diffie-hellman-group14-sha1
DEB [20240413-18:30:35.482] thr=1   paramiko.transport: server key: ssh-rsa
DEB [20240413-18:30:35.482] thr=1   paramiko.transport: client encrypt: aes128-ctr, aes192-ctr, aes256-ctr
DEB [20240413-18:30:35.482] thr=1   paramiko.transport: server encrypt: aes128-ctr, aes192-ctr, aes256-ctr
DEB [20240413-18:30:35.482] thr=1   paramiko.transport: client mac: hmac-sha2-256, hmac-sha2-512, hmac-sha1, hmac-sha1-96
DEB [20240413-18:30:35.482] thr=1   paramiko.transport: server mac: hmac-sha2-256, hmac-sha2-512, hmac-sha1, hmac-sha1-96
DEB [20240413-18:30:35.482] thr=1   paramiko.transport: client compress: none
DEB [20240413-18:30:35.482] thr=1   paramiko.transport: server compress: none
DEB [20240413-18:30:35.482] thr=1   paramiko.transport: client lang: <none>
DEB [20240413-18:30:35.482] thr=1   paramiko.transport: server lang: <none>
DEB [20240413-18:30:35.482] thr=1   paramiko.transport: kex follows: False
DEB [20240413-18:30:35.482] thr=1   paramiko.transport: === Key exchange agreements ===
DEB [20240413-18:30:35.482] thr=1   paramiko.transport: Kex: diffie-hellman-group-exchange-sha1
DEB [20240413-18:30:35.482] thr=1   paramiko.transport: HostKey: ssh-rsa
DEB [20240413-18:30:35.482] thr=1   paramiko.transport: Cipher: aes128-ctr
DEB [20240413-18:30:35.482] thr=1   paramiko.transport: MAC: hmac-sha2-256
DEB [20240413-18:30:35.482] thr=1   paramiko.transport: Compression: none
DEB [20240413-18:30:35.482] thr=1   paramiko.transport: === End of kex handshake ===
DEB [20240413-18:30:35.696] thr=1   paramiko.transport: Got server p (2048 bits)
DEB [20240413-18:30:35.750] thr=1   paramiko.transport: kex engine KexGex specified hash_algo <built-in function openssl_sha1>
DEB [20240413-18:30:35.751] thr=1   paramiko.transport: Switch to new keys ...
DEB [20240413-18:30:35.751] thr=2   paramiko.transport: Adding ssh-rsa host key for 192.168.204.138: b'2e7eacacadd65ba41a21bf3a2cf9dcd4'
DEB [20240413-18:30:35.751] thr=2   paramiko.transport: Trying SSH key b'6d37c3b86cad9ec72fea1edc51de9bdd'
DEB [20240413-18:30:35.954] thr=1   paramiko.transport: userauth is OK
DEB [20240413-18:30:35.954] thr=1   paramiko.transport: Finalizing pubkey algorithm for key of type 'ssh-rsa'
DEB [20240413-18:30:35.954] thr=1   paramiko.transport: Our pubkey algorithm list: ['ssh-rsa']
DEB [20240413-18:30:35.954] thr=1   paramiko.transport: Server did not send a server-sig-algs list; defaulting to our first preferred algo ('ssh-rsa')
DEB [20240413-18:30:35.954] thr=1   paramiko.transport: NOTE: you may use the 'disabled_algorithms' SSHClient/Transport init kwarg to disable that or other algorithms if your server does not support them!
INF [20240413-18:30:37.970] thr=1   paramiko.transport: Authentication (publickey) failed.
DEB [20240413-18:30:38.065] thr=2   paramiko.transport: Trying discovered key b'6d37c3b86cad9ec72fea1edc51de9bdd' in /home/eric/.ssh/id_rsa
INF [20240413-18:30:38.066] thr=1   paramiko.transport: Disconnect (code 2): Protocol error: expected packet type 50, got 5
DEB [20240413-18:30:43.193] thr=1   paramiko.transport: starting thread (client mode): 0x324413f0
DEB [20240413-18:30:43.193] thr=1   paramiko.transport: Local version/idstring: SSH-2.0-paramiko_2.9.3
DEB [20240413-18:30:43.194] thr=1   paramiko.transport: Remote version/idstring: SSH-1.99-Cisco-1.25
INF [20240413-18:30:43.194] thr=1   paramiko.transport: Connected (version 1.99, client Cisco-1.25)
DEB [20240413-18:30:43.195] thr=1   paramiko.transport: === Key exchange possibilities ===
DEB [20240413-18:30:43.196] thr=1   paramiko.transport: kex algos: diffie-hellman-group-exchange-sha1, diffie-hellman-group14-sha1
DEB [20240413-18:30:43.196] thr=1   paramiko.transport: server key: ssh-rsa
DEB [20240413-18:30:43.196] thr=1   paramiko.transport: client encrypt: aes128-ctr, aes192-ctr, aes256-ctr
DEB [20240413-18:30:43.196] thr=1   paramiko.transport: server encrypt: aes128-ctr, aes192-ctr, aes256-ctr
DEB [20240413-18:30:43.196] thr=1   paramiko.transport: client mac: hmac-sha2-256, hmac-sha2-512, hmac-sha1, hmac-sha1-96
DEB [20240413-18:30:43.196] thr=1   paramiko.transport: server mac: hmac-sha2-256, hmac-sha2-512, hmac-sha1, hmac-sha1-96
DEB [20240413-18:30:43.196] thr=1   paramiko.transport: client compress: none
DEB [20240413-18:30:43.196] thr=1   paramiko.transport: server compress: none
DEB [20240413-18:30:43.196] thr=1   paramiko.transport: client lang: <none>
DEB [20240413-18:30:43.196] thr=1   paramiko.transport: server lang: <none>
DEB [20240413-18:30:43.196] thr=1   paramiko.transport: kex follows: False
DEB [20240413-18:30:43.196] thr=1   paramiko.transport: === Key exchange agreements ===
DEB [20240413-18:30:43.196] thr=1   paramiko.transport: Kex: diffie-hellman-group-exchange-sha1
DEB [20240413-18:30:43.196] thr=1   paramiko.transport: HostKey: ssh-rsa
DEB [20240413-18:30:43.196] thr=1   paramiko.transport: Cipher: aes128-ctr
DEB [20240413-18:30:43.196] thr=1   paramiko.transport: MAC: hmac-sha2-256
DEB [20240413-18:30:43.196] thr=1   paramiko.transport: Compression: none
DEB [20240413-18:30:43.196] thr=1   paramiko.transport: === End of kex handshake ===
DEB [20240413-18:30:43.197] thr=1   paramiko.transport: Got server p (2048 bits)
DEB [20240413-18:30:43.251] thr=1   paramiko.transport: kex engine KexGex specified hash_algo <built-in function openssl_sha1>
DEB [20240413-18:30:43.252] thr=1   paramiko.transport: Switch to new keys ...
DEB [20240413-18:30:43.254] thr=2   paramiko.transport: Adding ssh-rsa host key for 192.168.204.138: b'2e7eacacadd65ba41a21bf3a2cf9dcd4'
DEB [20240413-18:30:43.255] thr=2   paramiko.transport: Trying SSH key b'6d37c3b86cad9ec72fea1edc51de9bdd'
DEB [20240413-18:30:43.468] thr=1   paramiko.transport: userauth is OK
DEB [20240413-18:30:43.468] thr=1   paramiko.transport: Finalizing pubkey algorithm for key of type 'ssh-rsa'
DEB [20240413-18:30:43.468] thr=1   paramiko.transport: Our pubkey algorithm list: ['ssh-rsa']
DEB [20240413-18:30:43.468] thr=1   paramiko.transport: Server did not send a server-sig-algs list; defaulting to our first preferred algo ('ssh-rsa')
DEB [20240413-18:30:43.468] thr=1   paramiko.transport: NOTE: you may use the 'disabled_algorithms' SSHClient/Transport init kwarg to disable that or other algorithms if your server does not support them!
INF [20240413-18:30:43.473] thr=1   paramiko.transport: Authentication (publickey) successful!
DEB [20240413-18:30:43.474] thr=2   paramiko.transport: [chan 0] Max packet in: 32768 bytes
DEB [20240413-18:30:43.482] thr=1   paramiko.transport: [chan 0] Max packet out: 4096 bytes
DEB [20240413-18:30:43.482] thr=1   paramiko.transport: Secsh channel 0 opened.
DEB [20240413-18:30:43.491] thr=1   paramiko.transport: [chan 0] Sesch channel 0 request ok
DEB [20240413-18:30:43.492] thr=1   paramiko.transport: [chan 0] Sesch channel 0 request ok
DEB [20240413-18:31:07.855] thr=1   paramiko.transport: starting thread (client mode): 0x44a1d450
DEB [20240413-18:31:07.856] thr=1   paramiko.transport: Local version/idstring: SSH-2.0-paramiko_2.9.3
DEB [20240413-18:31:07.856] thr=1   paramiko.transport: Remote version/idstring: SSH-1.99-Cisco-1.25
INF [20240413-18:31:07.856] thr=1   paramiko.transport: Connected (version 1.99, client Cisco-1.25)
DEB [20240413-18:31:07.857] thr=1   paramiko.transport: === Key exchange possibilities ===
DEB [20240413-18:31:07.857] thr=1   paramiko.transport: kex algos: diffie-hellman-group-exchange-sha1, diffie-hellman-group14-sha1
DEB [20240413-18:31:07.857] thr=1   paramiko.transport: server key: ssh-rsa
DEB [20240413-18:31:07.857] thr=1   paramiko.transport: client encrypt: aes128-ctr, aes192-ctr, aes256-ctr
DEB [20240413-18:31:07.857] thr=1   paramiko.transport: server encrypt: aes128-ctr, aes192-ctr, aes256-ctr
DEB [20240413-18:31:07.858] thr=1   paramiko.transport: client mac: hmac-sha2-256, hmac-sha2-512, hmac-sha1, hmac-sha1-96
DEB [20240413-18:31:07.858] thr=1   paramiko.transport: server mac: hmac-sha2-256, hmac-sha2-512, hmac-sha1, hmac-sha1-96
DEB [20240413-18:31:07.858] thr=1   paramiko.transport: client compress: none
DEB [20240413-18:31:07.858] thr=1   paramiko.transport: server compress: none
DEB [20240413-18:31:07.858] thr=1   paramiko.transport: client lang: <none>
DEB [20240413-18:31:07.858] thr=1   paramiko.transport: server lang: <none>
DEB [20240413-18:31:07.859] thr=1   paramiko.transport: kex follows: False
DEB [20240413-18:31:07.859] thr=1   paramiko.transport: === Key exchange agreements ===
DEB [20240413-18:31:07.859] thr=1   paramiko.transport: Kex: diffie-hellman-group-exchange-sha1
DEB [20240413-18:31:07.859] thr=1   paramiko.transport: HostKey: ssh-rsa
DEB [20240413-18:31:07.859] thr=1   paramiko.transport: Cipher: aes128-ctr
DEB [20240413-18:31:07.860] thr=1   paramiko.transport: MAC: hmac-sha2-256
DEB [20240413-18:31:07.860] thr=1   paramiko.transport: Compression: none
DEB [20240413-18:31:07.860] thr=1   paramiko.transport: === End of kex handshake ===
DEB [20240413-18:31:08.060] thr=1   paramiko.transport: Got server p (2048 bits)
DEB [20240413-18:31:08.114] thr=1   paramiko.transport: kex engine KexGex specified hash_algo <built-in function openssl_sha1>
DEB [20240413-18:31:08.115] thr=1   paramiko.transport: Switch to new keys ...
DEB [20240413-18:31:08.115] thr=2   paramiko.transport: Adding ssh-rsa host key for 192.168.204.138: b'2e7eacacadd65ba41a21bf3a2cf9dcd4'
DEB [20240413-18:31:08.115] thr=2   paramiko.transport: Trying SSH key b'6d37c3b86cad9ec72fea1edc51de9bdd'
DEB [20240413-18:31:08.315] thr=1   paramiko.transport: userauth is OK
DEB [20240413-18:31:08.316] thr=1   paramiko.transport: Finalizing pubkey algorithm for key of type 'ssh-rsa'
DEB [20240413-18:31:08.316] thr=1   paramiko.transport: Our pubkey algorithm list: ['ssh-rsa']
DEB [20240413-18:31:08.316] thr=1   paramiko.transport: Server did not send a server-sig-algs list; defaulting to our first preferred algo ('ssh-rsa')
DEB [20240413-18:31:08.316] thr=1   paramiko.transport: NOTE: you may use the 'disabled_algorithms' SSHClient/Transport init kwarg to disable that or other algorithms if your server does not support them!
INF [20240413-18:31:08.320] thr=1   paramiko.transport: Authentication (publickey) successful!
DEB [20240413-18:31:08.321] thr=2   paramiko.transport: [chan 0] Max packet in: 32768 bytes
DEB [20240413-18:31:08.322] thr=1   paramiko.transport: [chan 0] Max packet out: 4096 bytes
DEB [20240413-18:31:08.322] thr=1   paramiko.transport: Secsh channel 0 opened.
DEB [20240413-18:31:08.323] thr=1   paramiko.transport: [chan 0] Sesch channel 0 request ok
DEB [20240413-18:31:08.323] thr=1   paramiko.transport: [chan 0] Sesch channel 0 request ok
DEB [20240413-18:31:34.054] thr=1   paramiko.transport: starting thread (client mode): 0xfa121450
DEB [20240413-18:31:34.055] thr=1   paramiko.transport: Local version/idstring: SSH-2.0-paramiko_2.9.3
DEB [20240413-18:31:34.055] thr=1   paramiko.transport: Remote version/idstring: SSH-1.99-Cisco-1.25
INF [20240413-18:31:34.055] thr=1   paramiko.transport: Connected (version 1.99, client Cisco-1.25)
DEB [20240413-18:31:34.056] thr=1   paramiko.transport: === Key exchange possibilities ===
DEB [20240413-18:31:34.056] thr=1   paramiko.transport: kex algos: diffie-hellman-group-exchange-sha1, diffie-hellman-group14-sha1
DEB [20240413-18:31:34.056] thr=1   paramiko.transport: server key: ssh-rsa
DEB [20240413-18:31:34.056] thr=1   paramiko.transport: client encrypt: aes128-ctr, aes192-ctr, aes256-ctr
DEB [20240413-18:31:34.056] thr=1   paramiko.transport: server encrypt: aes128-ctr, aes192-ctr, aes256-ctr
DEB [20240413-18:31:34.056] thr=1   paramiko.transport: client mac: hmac-sha2-256, hmac-sha2-512, hmac-sha1, hmac-sha1-96
DEB [20240413-18:31:34.056] thr=1   paramiko.transport: server mac: hmac-sha2-256, hmac-sha2-512, hmac-sha1, hmac-sha1-96
DEB [20240413-18:31:34.056] thr=1   paramiko.transport: client compress: none
DEB [20240413-18:31:34.056] thr=1   paramiko.transport: server compress: none
DEB [20240413-18:31:34.056] thr=1   paramiko.transport: client lang: <none>
DEB [20240413-18:31:34.056] thr=1   paramiko.transport: server lang: <none>
DEB [20240413-18:31:34.056] thr=1   paramiko.transport: kex follows: False
DEB [20240413-18:31:34.056] thr=1   paramiko.transport: === Key exchange agreements ===
DEB [20240413-18:31:34.056] thr=1   paramiko.transport: Kex: diffie-hellman-group-exchange-sha1
DEB [20240413-18:31:34.056] thr=1   paramiko.transport: HostKey: ssh-rsa
DEB [20240413-18:31:34.056] thr=1   paramiko.transport: Cipher: aes128-ctr
DEB [20240413-18:31:34.056] thr=1   paramiko.transport: MAC: hmac-sha2-256
DEB [20240413-18:31:34.056] thr=1   paramiko.transport: Compression: none
DEB [20240413-18:31:34.056] thr=1   paramiko.transport: === End of kex handshake ===
DEB [20240413-18:31:34.263] thr=1   paramiko.transport: Got server p (2048 bits)
DEB [20240413-18:31:34.319] thr=1   paramiko.transport: kex engine KexGex specified hash_algo <built-in function openssl_sha1>
DEB [20240413-18:31:34.319] thr=1   paramiko.transport: Switch to new keys ...
DEB [20240413-18:31:34.320] thr=2   paramiko.transport: Adding ssh-rsa host key for 192.168.204.138: b'2e7eacacadd65ba41a21bf3a2cf9dcd4'
DEB [20240413-18:31:34.320] thr=2   paramiko.transport: Trying SSH key b'6d37c3b86cad9ec72fea1edc51de9bdd'
DEB [20240413-18:31:34.538] thr=1   paramiko.transport: userauth is OK
DEB [20240413-18:31:34.539] thr=1   paramiko.transport: Finalizing pubkey algorithm for key of type 'ssh-rsa'
DEB [20240413-18:31:34.539] thr=1   paramiko.transport: Our pubkey algorithm list: ['ssh-rsa']
DEB [20240413-18:31:34.539] thr=1   paramiko.transport: Server did not send a server-sig-algs list; defaulting to our first preferred algo ('ssh-rsa')
DEB [20240413-18:31:34.539] thr=1   paramiko.transport: NOTE: you may use the 'disabled_algorithms' SSHClient/Transport init kwarg to disable that or other algorithms if your server does not support them!
INF [20240413-18:31:34.553] thr=1   paramiko.transport: Authentication (publickey) successful!
DEB [20240413-18:31:34.554] thr=2   paramiko.transport: [chan 0] Max packet in: 32768 bytes
DEB [20240413-18:31:34.561] thr=1   paramiko.transport: [chan 0] Max packet out: 4096 bytes
DEB [20240413-18:31:34.562] thr=1   paramiko.transport: Secsh channel 0 opened.
DEB [20240413-18:31:34.563] thr=1   paramiko.transport: [chan 0] Sesch channel 0 request ok
DEB [20240413-18:31:34.565] thr=1   paramiko.transport: [chan 0] Sesch channel 0 request ok
DEB [20240413-18:31:59.889] thr=1   paramiko.transport: starting thread (client mode): 0xa3b45450
DEB [20240413-18:31:59.889] thr=1   paramiko.transport: Local version/idstring: SSH-2.0-paramiko_2.9.3
DEB [20240413-18:31:59.890] thr=1   paramiko.transport: Remote version/idstring: SSH-1.99-Cisco-1.25
INF [20240413-18:31:59.890] thr=1   paramiko.transport: Connected (version 1.99, client Cisco-1.25)
DEB [20240413-18:31:59.891] thr=1   paramiko.transport: === Key exchange possibilities ===
DEB [20240413-18:31:59.891] thr=1   paramiko.transport: kex algos: diffie-hellman-group-exchange-sha1, diffie-hellman-group14-sha1
DEB [20240413-18:31:59.892] thr=1   paramiko.transport: server key: ssh-rsa
DEB [20240413-18:31:59.892] thr=1   paramiko.transport: client encrypt: aes128-ctr, aes192-ctr, aes256-ctr
DEB [20240413-18:31:59.892] thr=1   paramiko.transport: server encrypt: aes128-ctr, aes192-ctr, aes256-ctr
DEB [20240413-18:31:59.892] thr=1   paramiko.transport: client mac: hmac-sha2-256, hmac-sha2-512, hmac-sha1, hmac-sha1-96
DEB [20240413-18:31:59.892] thr=1   paramiko.transport: server mac: hmac-sha2-256, hmac-sha2-512, hmac-sha1, hmac-sha1-96
DEB [20240413-18:31:59.892] thr=1   paramiko.transport: client compress: none
DEB [20240413-18:31:59.892] thr=1   paramiko.transport: server compress: none
DEB [20240413-18:31:59.892] thr=1   paramiko.transport: client lang: <none>
DEB [20240413-18:31:59.892] thr=1   paramiko.transport: server lang: <none>
DEB [20240413-18:31:59.892] thr=1   paramiko.transport: kex follows: False
DEB [20240413-18:31:59.892] thr=1   paramiko.transport: === Key exchange agreements ===
DEB [20240413-18:31:59.892] thr=1   paramiko.transport: Kex: diffie-hellman-group-exchange-sha1
DEB [20240413-18:31:59.892] thr=1   paramiko.transport: HostKey: ssh-rsa
DEB [20240413-18:31:59.892] thr=1   paramiko.transport: Cipher: aes128-ctr
DEB [20240413-18:31:59.892] thr=1   paramiko.transport: MAC: hmac-sha2-256
DEB [20240413-18:31:59.892] thr=1   paramiko.transport: Compression: none
DEB [20240413-18:31:59.892] thr=1   paramiko.transport: === End of kex handshake ===
DEB [20240413-18:32:00.094] thr=1   paramiko.transport: Got server p (2048 bits)
DEB [20240413-18:32:00.148] thr=1   paramiko.transport: kex engine KexGex specified hash_algo <built-in function openssl_sha1>
DEB [20240413-18:32:00.149] thr=1   paramiko.transport: Switch to new keys ...
DEB [20240413-18:32:00.149] thr=2   paramiko.transport: Adding ssh-rsa host key for 192.168.204.138: b'2e7eacacadd65ba41a21bf3a2cf9dcd4'
DEB [20240413-18:32:00.149] thr=2   paramiko.transport: Trying SSH key b'6d37c3b86cad9ec72fea1edc51de9bdd'
DEB [20240413-18:32:00.351] thr=1   paramiko.transport: userauth is OK
DEB [20240413-18:32:00.351] thr=1   paramiko.transport: Finalizing pubkey algorithm for key of type 'ssh-rsa'
DEB [20240413-18:32:00.351] thr=1   paramiko.transport: Our pubkey algorithm list: ['ssh-rsa']
DEB [20240413-18:32:00.351] thr=1   paramiko.transport: Server did not send a server-sig-algs list; defaulting to our first preferred algo ('ssh-rsa')
DEB [20240413-18:32:00.351] thr=1   paramiko.transport: NOTE: you may use the 'disabled_algorithms' SSHClient/Transport init kwarg to disable that or other algorithms if your server does not support them!
INF [20240413-18:32:00.356] thr=1   paramiko.transport: Authentication (publickey) successful!
DEB [20240413-18:32:00.356] thr=2   paramiko.transport: [chan 0] Max packet in: 32768 bytes
DEB [20240413-18:32:00.357] thr=1   paramiko.transport: [chan 0] Max packet out: 4096 bytes
DEB [20240413-18:32:00.357] thr=1   paramiko.transport: Secsh channel 0 opened.
DEB [20240413-18:32:00.358] thr=1   paramiko.transport: [chan 0] Sesch channel 0 request ok
DEB [20240413-18:32:00.359] thr=1   paramiko.transport: [chan 0] Sesch channel 0 request ok
DEB [20240413-18:32:46.738] thr=1   paramiko.transport: starting thread (client mode): 0xf1041450
DEB [20240413-18:32:46.738] thr=1   paramiko.transport: Local version/idstring: SSH-2.0-paramiko_2.9.3
DEB [20240413-18:32:46.739] thr=1   paramiko.transport: Remote version/idstring: SSH-1.99-Cisco-1.25
INF [20240413-18:32:46.739] thr=1   paramiko.transport: Connected (version 1.99, client Cisco-1.25)
DEB [20240413-18:32:46.742] thr=1   paramiko.transport: === Key exchange possibilities ===
DEB [20240413-18:32:46.742] thr=1   paramiko.transport: kex algos: diffie-hellman-group-exchange-sha1, diffie-hellman-group14-sha1
DEB [20240413-18:32:46.742] thr=1   paramiko.transport: server key: ssh-rsa
DEB [20240413-18:32:46.742] thr=1   paramiko.transport: client encrypt: aes128-ctr, aes192-ctr, aes256-ctr
DEB [20240413-18:32:46.742] thr=1   paramiko.transport: server encrypt: aes128-ctr, aes192-ctr, aes256-ctr
DEB [20240413-18:32:46.742] thr=1   paramiko.transport: client mac: hmac-sha2-256, hmac-sha2-512, hmac-sha1, hmac-sha1-96
DEB [20240413-18:32:46.742] thr=1   paramiko.transport: server mac: hmac-sha2-256, hmac-sha2-512, hmac-sha1, hmac-sha1-96
DEB [20240413-18:32:46.742] thr=1   paramiko.transport: client compress: none
DEB [20240413-18:32:46.742] thr=1   paramiko.transport: server compress: none
DEB [20240413-18:32:46.742] thr=1   paramiko.transport: client lang: <none>
DEB [20240413-18:32:46.742] thr=1   paramiko.transport: server lang: <none>
DEB [20240413-18:32:46.742] thr=1   paramiko.transport: kex follows: False
DEB [20240413-18:32:46.742] thr=1   paramiko.transport: === Key exchange agreements ===
DEB [20240413-18:32:46.742] thr=1   paramiko.transport: Kex: diffie-hellman-group-exchange-sha1
DEB [20240413-18:32:46.742] thr=1   paramiko.transport: HostKey: ssh-rsa
DEB [20240413-18:32:46.742] thr=1   paramiko.transport: Cipher: aes128-ctr
DEB [20240413-18:32:46.742] thr=1   paramiko.transport: MAC: hmac-sha2-256
DEB [20240413-18:32:46.742] thr=1   paramiko.transport: Compression: none
DEB [20240413-18:32:46.742] thr=1   paramiko.transport: === End of kex handshake ===
DEB [20240413-18:32:46.944] thr=1   paramiko.transport: Got server p (2048 bits)
DEB [20240413-18:32:46.997] thr=1   paramiko.transport: kex engine KexGex specified hash_algo <built-in function openssl_sha1>
DEB [20240413-18:32:46.998] thr=1   paramiko.transport: Switch to new keys ...
DEB [20240413-18:32:46.998] thr=2   paramiko.transport: Adding ssh-rsa host key for 192.168.204.138: b'2e7eacacadd65ba41a21bf3a2cf9dcd4'
DEB [20240413-18:32:46.999] thr=2   paramiko.transport: Trying SSH key b'6d37c3b86cad9ec72fea1edc51de9bdd'
DEB [20240413-18:32:47.200] thr=1   paramiko.transport: userauth is OK
DEB [20240413-18:32:47.200] thr=1   paramiko.transport: Finalizing pubkey algorithm for key of type 'ssh-rsa'
DEB [20240413-18:32:47.200] thr=1   paramiko.transport: Our pubkey algorithm list: ['ssh-rsa']
DEB [20240413-18:32:47.200] thr=1   paramiko.transport: Server did not send a server-sig-algs list; defaulting to our first preferred algo ('ssh-rsa')
DEB [20240413-18:32:47.200] thr=1   paramiko.transport: NOTE: you may use the 'disabled_algorithms' SSHClient/Transport init kwarg to disable that or other algorithms if your server does not support them!
INF [20240413-18:32:47.204] thr=1   paramiko.transport: Authentication (publickey) successful!
DEB [20240413-18:32:47.205] thr=2   paramiko.transport: [chan 0] Max packet in: 32768 bytes
DEB [20240413-18:32:47.206] thr=1   paramiko.transport: [chan 0] Max packet out: 4096 bytes
DEB [20240413-18:32:47.206] thr=1   paramiko.transport: Secsh channel 0 opened.
DEB [20240413-18:32:47.207] thr=1   paramiko.transport: [chan 0] Sesch channel 0 request ok
DEB [20240413-18:32:47.207] thr=1   paramiko.transport: [chan 0] Sesch channel 0 request ok
